  TerrainManager.cpp
d:\neweditor\editor\terrainmanager.cpp(34): warning C4244: “参数”: 从“Ogre::Real”转换到“Ogre::uint16”，可能丢失数据
d:\neweditor\editor\terrainmanager.cpp(41): warning C4244: “=”: 从“Ogre::Real”转换到“Ogre::uint16”，可能丢失数据
d:\neweditor\editor\terrainmanager.cpp(44): warning C4244: “=”: 从“Ogre::Real”转换到“Ogre::uint16”，可能丢失数据
d:\neweditor\editor\terrainmanager.cpp(45): warning C4244: “=”: 从“Ogre::Real”转换到“Ogre::uint16”，可能丢失数据
d:\neweditor\editor\terrainmanager.cpp(48): warning C4018: “<”: 有符号/无符号不匹配
  SceneDoc.cpp
d:\neweditor\editor\scenedoc.cpp(463): warning C4018: “<”: 有符号/无符号不匹配
d:\neweditor\editor\scenedoc.cpp(564): warning C4018: “<”: 有符号/无符号不匹配
d:\neweditor\editor\scenedoc.cpp(581): warning C4018: “<”: 有符号/无符号不匹配
d:\neweditor\editor\scenedoc.cpp(653): warning C4018: “<”: 有符号/无符号不匹配
d:\neweditor\editor\scenedoc.cpp(875): warning C4018: “<”: 有符号/无符号不匹配
  DeferredShading.cpp
Action.obj : warning LNK4075: 忽略“/EDITANDCONTINUE”(由于“/OPT:LBR”规范)
FreeImage_d.lib(BitmapAccess.obj) : warning LNK4099: 未找到 PDB“vc110.pdb”(使用“FreeImage_d.lib(BitmapAccess.obj)”或在“D:\NewEditor\Debug\vc110.pdb”中寻找)；正在链接对象，如同没有调试信息一样
FreeImage_d.lib(ColorLookup.obj) : warning LNK4099: 未找到 PDB“vc110.pdb”(使用“FreeImage_d.lib(ColorLookup.obj)”或在“D:\NewEditor\Debug\vc110.pdb”中寻找)；正在链接对象，如同没有调试信息一样
FreeImage_d.lib(Conversion.obj) : warning LNK4099: 未找到 PDB“vc110.pdb”(使用“FreeImage_d.lib(Conversion.obj)”或在“D:\NewEditor\Debug\vc110.pdb”中寻找)；正在链接对象，如同没有调试信息一样
FreeImage_d.lib(Conversion16_555.obj) : warning LNK4099: 未找到 PDB“vc110.pdb”(使用“FreeImage_d.lib(Conversion16_555.obj)”或在“D:\NewEditor\Debug\vc110.pdb”中寻找)；正在链接对象，如同没有调试信息一样
FreeImage_d.lib(Conversion16_565.obj) : warning LNK4099: 未找到 PDB“vc110.pdb”(使用“FreeImage_d.lib(Conversion16_565.obj)”或在“D:\NewEditor\Debug\vc110.pdb”中寻找)；正在链接对象，如同没有调试信息一样
FreeImage_d.lib(Conversion24.obj) : warning LNK4099: 未找到 PDB“vc110.pdb”(使用“FreeImage_d.lib(Conversion24.obj)”或在“D:\NewEditor\Debug\vc110.pdb”中寻找)；正在链接对象，如同没有调试信息一样
FreeImage_d.lib(Conversion32.obj) : warning LNK4099: 未找到 PDB“vc110.pdb”(使用“FreeImage_d.lib(Conversion32.obj)”或在“D:\NewEditor\Debug\vc110.pdb”中寻找)；正在链接对象，如同没有调试信息一样
FreeImage_d.lib(ConversionFloat.obj) : warning LNK4099: 未找到 PDB“vc110.pdb”(使用“FreeImage_d.lib(ConversionFloat.obj)”或在“D:\NewEditor\Debug\vc110.pdb”中寻找)；正在链接对象，如同没有调试信息一样
FreeImage_d.lib(ConversionRGB16.obj) : warning LNK4099: 未找到 PDB“vc110.pdb”(使用“FreeImage_d.lib(ConversionRGB16.obj)”或在“D:\NewEditor\Debug\vc110.pdb”中寻找)；正在链接对象，如同没有调试信息一样
FreeImage_d.lib(Conversion4.obj) : warning LNK4099: 未找到 PDB“vc110.pdb”(使用“FreeImage_d.lib(Conversion4.obj)”或在“D:\NewEditor\Debug\vc110.pdb”中寻找)；正在链接对象，如同没有调试信息一样
FreeImage_d.lib(Conversion8.obj) : warning LNK4099: 未找到 PDB“vc110.pdb”(使用“FreeImage_d.lib(Conversion8.obj)”或在“D:\NewEditor\Debug\vc110.pdb”中寻找)；正在链接对象，如同没有调试信息一样
FreeImage_d.lib(ConversionRGBF.obj) : warning LNK4099: 未找到 PDB“vc110.pdb”(使用“FreeImage_d.lib(ConversionRGBF.obj)”或在“D:\NewEditor\Debug\vc110.pdb”中寻找)；正在链接对象，如同没有调试信息一样
FreeImage_d.lib(ConversionType.obj) : warning LNK4099: 未找到 PDB“vc110.pdb”(使用“FreeImage_d.lib(ConversionType.obj)”或在“D:\NewEditor\Debug\vc110.pdb”中寻找)；正在链接对象，如同没有调试信息一样
FreeImage_d.lib(ConversionUINT16.obj) : warning LNK4099: 未找到 PDB“vc110.pdb”(使用“FreeImage_d.lib(ConversionUINT16.obj)”或在“D:\NewEditor\Debug\vc110.pdb”中寻找)；正在链接对象，如同没有调试信息一样
FreeImage_d.lib(FreeImage.obj) : warning LNK4099: 未找到 PDB“vc110.pdb”(使用“FreeImage_d.lib(FreeImage.obj)”或在“D:\NewEditor\Debug\vc110.pdb”中寻找)；正在链接对象，如同没有调试信息一样
FreeImage_d.lib(FreeImageIO.obj) : warning LNK4099: 未找到 PDB“vc110.pdb”(使用“FreeImage_d.lib(FreeImageIO.obj)”或在“D:\NewEditor\Debug\vc110.pdb”中寻找)；正在链接对象，如同没有调试信息一样
FreeImage_d.lib(GetType.obj) : warning LNK4099: 未找到 PDB“vc110.pdb”(使用“FreeImage_d.lib(GetType.obj)”或在“D:\NewEditor\Debug\vc110.pdb”中寻找)；正在链接对象，如同没有调试信息一样
FreeImage_d.lib(J2KHelper.obj) : warning LNK4099: 未找到 PDB“vc110.pdb”(使用“FreeImage_d.lib(J2KHelper.obj)”或在“D:\NewEditor\Debug\vc110.pdb”中寻找)；正在链接对象，如同没有调试信息一样
FreeImage_d.lib(MemoryIO.obj) : warning LNK4099: 未找到 PDB“vc110.pdb”(使用“FreeImage_d.lib(MemoryIO.obj)”或在“D:\NewEditor\Debug\vc110.pdb”中寻找)；正在链接对象，如同没有调试信息一样
FreeImage_d.lib(MNGHelper.obj) : warning LNK4099: 未找到 PDB“vc110.pdb”(使用“FreeImage_d.lib(MNGHelper.obj)”或在“D:\NewEditor\Debug\vc110.pdb”中寻找)；正在链接对象，如同没有调试信息一样
FreeImage_d.lib(NNQuantizer.obj) : warning LNK4099: 未找到 PDB“vc110.pdb”(使用“FreeImage_d.lib(NNQuantizer.obj)”或在“D:\NewEditor\Debug\vc110.pdb”中寻找)；正在链接对象，如同没有调试信息一样
FreeImage_d.lib(PSDParser.obj) : warning LNK4099: 未找到 PDB“vc110.pdb”(使用“FreeImage_d.lib(PSDParser.obj)”或在“D:\NewEditor\Debug\vc110.pdb”中寻找)；正在链接对象，如同没有调试信息一样
FreeImage_d.lib(PixelAccess.obj) : warning LNK4099: 未找到 PDB“vc110.pdb”(使用“FreeImage_d.lib(PixelAccess.obj)”或在“D:\NewEditor\Debug\vc110.pdb”中寻找)；正在链接对象，如同没有调试信息一样
FreeImage_d.lib(Plugin.obj) : warning LNK4099: 未找到 PDB“vc110.pdb”(使用“FreeImage_d.lib(Plugin.obj)”或在“D:\NewEditor\Debug\vc110.pdb”中寻找)；正在链接对象，如同没有调试信息一样
FreeImage_d.lib(PluginBMP.obj) : warning LNK4099: 未找到 PDB“vc110.pdb”(使用“FreeImage_d.lib(PluginBMP.obj)”或在“D:\NewEditor\Debug\vc110.pdb”中寻找)；正在链接对象，如同没有调试信息一样
FreeImage_d.lib(PluginCUT.obj) : warning LNK4099: 未找到 PDB“vc110.pdb”(使用“FreeImage_d.lib(PluginCUT.obj)”或在“D:\NewEditor\Debug\vc110.pdb”中寻找)；正在链接对象，如同没有调试信息一样
FreeImage_d.lib(PluginDDS.obj) : warning LNK4099: 未找到 PDB“vc110.pdb”(使用“FreeImage_d.lib(PluginDDS.obj)”或在“D:\NewEditor\Debug\vc110.pdb”中寻找)；正在链接对象，如同没有调试信息一样
FreeImage_d.lib(PluginEXR.obj) : warning LNK4099: 未找到 PDB“vc110.pdb”(使用“FreeImage_d.lib(PluginEXR.obj)”或在“D:\NewEditor\Debug\vc110.pdb”中寻找)；正在链接对象，如同没有调试信息一样
FreeImage_d.lib(PluginG3.obj) : warning LNK4099: 未找到 PDB“vc110.pdb”(使用“FreeImage_d.lib(PluginG3.obj)”或在“D:\NewEditor\Debug\vc110.pdb”中寻找)；正在链接对象，如同没有调试信息一样
FreeImage_d.lib(PluginGIF.obj) : warning LNK4099: 未找到 PDB“vc110.pdb”(使用“FreeImage_d.lib(PluginGIF.obj)”或在“D:\NewEditor\Debug\vc110.pdb”中寻找)；正在链接对象，如同没有调试信息一样
FreeImage_d.lib(PluginHDR.obj) : warning LNK4099: 未找到 PDB“vc110.pdb”(使用“FreeImage_d.lib(PluginHDR.obj)”或在“D:\NewEditor\Debug\vc110.pdb”中寻找)；正在链接对象，如同没有调试信息一样
FreeImage_d.lib(PluginICO.obj) : warning LNK4099: 未找到 PDB“vc110.pdb”(使用“FreeImage_d.lib(PluginICO.obj)”或在“D:\NewEditor\Debug\vc110.pdb”中寻找)；正在链接对象，如同没有调试信息一样
FreeImage_d.lib(PluginIFF.obj) : warning LNK4099: 未找到 PDB“vc110.pdb”(使用“FreeImage_d.lib(PluginIFF.obj)”或在“D:\NewEditor\Debug\vc110.pdb”中寻找)；正在链接对象，如同没有调试信息一样
FreeImage_d.lib(PluginJ2K.obj) : warning LNK4099: 未找到 PDB“vc110.pdb”(使用“FreeImage_d.lib(PluginJ2K.obj)”或在“D:\NewEditor\Debug\vc110.pdb”中寻找)；正在链接对象，如同没有调试信息一样
FreeImage_d.lib(PluginJNG.obj) : warning LNK4099: 未找到 PDB“vc110.pdb”(使用“FreeImage_d.lib(PluginJNG.obj)”或在“D:\NewEditor\Debug\vc110.pdb”中寻找)；正在链接对象，如同没有调试信息一样
FreeImage_d.lib(PluginJP2.obj) : warning LNK4099: 未找到 PDB“vc110.pdb”(使用“FreeImage_d.lib(PluginJP2.obj)”或在“D:\NewEditor\Debug\vc110.pdb”中寻找)；正在链接对象，如同没有调试信息一样
FreeImage_d.lib(PluginJPEG.obj) : warning LNK4099: 未找到 PDB“vc110.pdb”(使用“FreeImage_d.lib(PluginJPEG.obj)”或在“D:\NewEditor\Debug\vc110.pdb”中寻找)；正在链接对象，如同没有调试信息一样
FreeImage_d.lib(PluginKOALA.obj) : warning LNK4099: 未找到 PDB“vc110.pdb”(使用“FreeImage_d.lib(PluginKOALA.obj)”或在“D:\NewEditor\Debug\vc110.pdb”中寻找)；正在链接对象，如同没有调试信息一样
FreeImage_d.lib(PluginMNG.obj) : warning LNK4099: 未找到 PDB“vc110.pdb”(使用“FreeImage_d.lib(PluginMNG.obj)”或在“D:\NewEditor\Debug\vc110.pdb”中寻找)；正在链接对象，如同没有调试信息一样
FreeImage_d.lib(PluginPCD.obj) : warning LNK4099: 未找到 PDB“vc110.pdb”(使用“FreeImage_d.lib(PluginPCD.obj)”或在“D:\NewEditor\Debug\vc110.pdb”中寻找)；正在链接对象，如同没有调试信息一样
FreeImage_d.lib(PluginPCX.obj) : warning LNK4099: 未找到 PDB“vc110.pdb”(使用“FreeImage_d.lib(PluginPCX.obj)”或在“D:\NewEditor\Debug\vc110.pdb”中寻找)；正在链接对象，如同没有调试信息一样
FreeImage_d.lib(PluginPFM.obj) : warning LNK4099: 未找到 PDB“vc110.pdb”(使用“FreeImage_d.lib(PluginPFM.obj)”或在“D:\NewEditor\Debug\vc110.pdb”中寻找)；正在链接对象，如同没有调试信息一样
FreeImage_d.lib(PluginPICT.obj) : warning LNK4099: 未找到 PDB“vc110.pdb”(使用“FreeImage_d.lib(PluginPICT.obj)”或在“D:\NewEditor\Debug\vc110.pdb”中寻找)；正在链接对象，如同没有调试信息一样
FreeImage_d.lib(PluginPNG.obj) : warning LNK4099: 未找到 PDB“vc110.pdb”(使用“FreeImage_d.lib(PluginPNG.obj)”或在“D:\NewEditor\Debug\vc110.pdb”中寻找)；正在链接对象，如同没有调试信息一样
FreeImage_d.lib(PluginPNM.obj) : warning LNK4099: 未找到 PDB“vc110.pdb”(使用“FreeImage_d.lib(PluginPNM.obj)”或在“D:\NewEditor\Debug\vc110.pdb”中寻找)；正在链接对象，如同没有调试信息一样
FreeImage_d.lib(PluginPSD.obj) : warning LNK4099: 未找到 PDB“vc110.pdb”(使用“FreeImage_d.lib(PluginPSD.obj)”或在“D:\NewEditor\Debug\vc110.pdb”中寻找)；正在链接对象，如同没有调试信息一样
FreeImage_d.lib(PluginRAS.obj) : warning LNK4099: 未找到 PDB“vc110.pdb”(使用“FreeImage_d.lib(PluginRAS.obj)”或在“D:\NewEditor\Debug\vc110.pdb”中寻找)；正在链接对象，如同没有调试信息一样
FreeImage_d.lib(PluginRAW.obj) : warning LNK4099: 未找到 PDB“vc110.pdb”(使用“FreeImage_d.lib(PluginRAW.obj)”或在“D:\NewEditor\Debug\vc110.pdb”中寻找)；正在链接对象，如同没有调试信息一样
FreeImage_d.lib(PluginSGI.obj) : warning LNK4099: 未找到 PDB“vc110.pdb”(使用“FreeImage_d.lib(PluginSGI.obj)”或在“D:\NewEditor\Debug\vc110.pdb”中寻找)；正在链接对象，如同没有调试信息一样
FreeImage_d.lib(PluginTARGA.obj) : warning LNK4099: 未找到 PDB“vc110.pdb”(使用“FreeImage_d.lib(PluginTARGA.obj)”或在“D:\NewEditor\Debug\vc110.pdb”中寻找)；正在链接对象，如同没有调试信息一样
FreeImage_d.lib(PluginTIFF.obj) : warning LNK4099: 未找到 PDB“vc110.pdb”(使用“FreeImage_d.lib(PluginTIFF.obj)”或在“D:\NewEditor\Debug\vc110.pdb”中寻找)；正在链接对象，如同没有调试信息一样
FreeImage_d.lib(PluginWBMP.obj) : warning LNK4099: 未找到 PDB“vc110.pdb”(使用“FreeImage_d.lib(PluginWBMP.obj)”或在“D:\NewEditor\Debug\vc110.pdb”中寻找)；正在链接对象，如同没有调试信息一样
FreeImage_d.lib(PluginXBM.obj) : warning LNK4099: 未找到 PDB“vc110.pdb”(使用“FreeImage_d.lib(PluginXBM.obj)”或在“D:\NewEditor\Debug\vc110.pdb”中寻找)；正在链接对象，如同没有调试信息一样
FreeImage_d.lib(PluginXPM.obj) : warning LNK4099: 未找到 PDB“vc110.pdb”(使用“FreeImage_d.lib(PluginXPM.obj)”或在“D:\NewEditor\Debug\vc110.pdb”中寻找)；正在链接对象，如同没有调试信息一样
FreeImage_d.lib(TIFFLogLuv.obj) : warning LNK4099: 未找到 PDB“vc110.pdb”(使用“FreeImage_d.lib(TIFFLogLuv.obj)”或在“D:\NewEditor\Debug\vc110.pdb”中寻找)；正在链接对象，如同没有调试信息一样
FreeImage_d.lib(ToneMapping.obj) : warning LNK4099: 未找到 PDB“vc110.pdb”(使用“FreeImage_d.lib(ToneMapping.obj)”或在“D:\NewEditor\Debug\vc110.pdb”中寻找)；正在链接对象，如同没有调试信息一样
FreeImage_d.lib(WuQuantizer.obj) : warning LNK4099: 未找到 PDB“vc110.pdb”(使用“FreeImage_d.lib(WuQuantizer.obj)”或在“D:\NewEditor\Debug\vc110.pdb”中寻找)；正在链接对象，如同没有调试信息一样
FreeImage_d.lib(ZLibInterface.obj) : warning LNK4099: 未找到 PDB“vc110.pdb”(使用“FreeImage_d.lib(ZLibInterface.obj)”或在“D:\NewEditor\Debug\vc110.pdb”中寻找)；正在链接对象，如同没有调试信息一样
FreeImage_d.lib(tmoColorConvert.obj) : warning LNK4099: 未找到 PDB“vc110.pdb”(使用“FreeImage_d.lib(tmoColorConvert.obj)”或在“D:\NewEditor\Debug\vc110.pdb”中寻找)；正在链接对象，如同没有调试信息一样
FreeImage_d.lib(tmoDrago03.obj) : warning LNK4099: 未找到 PDB“vc110.pdb”(使用“FreeImage_d.lib(tmoDrago03.obj)”或在“D:\NewEditor\Debug\vc110.pdb”中寻找)；正在链接对象，如同没有调试信息一样
FreeImage_d.lib(tmoFattal02.obj) : warning LNK4099: 未找到 PDB“vc110.pdb”(使用“FreeImage_d.lib(tmoFattal02.obj)”或在“D:\NewEditor\Debug\vc110.pdb”中寻找)；正在链接对象，如同没有调试信息一样
FreeImage_d.lib(tmoReinhard05.obj) : warning LNK4099: 未找到 PDB“vc110.pdb”(使用“FreeImage_d.lib(tmoReinhard05.obj)”或在“D:\NewEditor\Debug\vc110.pdb”中寻找)；正在链接对象，如同没有调试信息一样
FreeImage_d.lib(Channels.obj) : warning LNK4099: 未找到 PDB“vc110.pdb”(使用“FreeImage_d.lib(Channels.obj)”或在“D:\NewEditor\Debug\vc110.pdb”中寻找)；正在链接对象，如同没有调试信息一样
FreeImage_d.lib(ClassicRotate.obj) : warning LNK4099: 未找到 PDB“vc110.pdb”(使用“FreeImage_d.lib(ClassicRotate.obj)”或在“D:\NewEditor\Debug\vc110.pdb”中寻找)；正在链接对象，如同没有调试信息一样
FreeImage_d.lib(Colors.obj) : warning LNK4099: 未找到 PDB“vc110.pdb”(使用“FreeImage_d.lib(Colors.obj)”或在“D:\NewEditor\Debug\vc110.pdb”中寻找)；正在链接对象，如同没有调试信息一样
FreeImage_d.lib(CopyPaste.obj) : warning LNK4099: 未找到 PDB“vc110.pdb”(使用“FreeImage_d.lib(CopyPaste.obj)”或在“D:\NewEditor\Debug\vc110.pdb”中寻找)；正在链接对象，如同没有调试信息一样
FreeImage_d.lib(Flip.obj) : warning LNK4099: 未找到 PDB“vc110.pdb”(使用“FreeImage_d.lib(Flip.obj)”或在“D:\NewEditor\Debug\vc110.pdb”中寻找)；正在链接对象，如同没有调试信息一样
FreeImage_d.lib(MultigridPoissonSolver.obj) : warning LNK4099: 未找到 PDB“vc110.pdb”(使用“FreeImage_d.lib(MultigridPoissonSolver.obj)”或在“D:\NewEditor\Debug\vc110.pdb”中寻找)；正在链接对象，如同没有调试信息一样
FreeImage_d.lib(Rescale.obj) : warning LNK4099: 未找到 PDB“vc110.pdb”(使用“FreeImage_d.lib(Rescale.obj)”或在“D:\NewEditor\Debug\vc110.pdb”中寻找)；正在链接对象，如同没有调试信息一样
FreeImage_d.lib(Resize.obj) : warning LNK4099: 未找到 PDB“vc110.pdb”(使用“FreeImage_d.lib(Resize.obj)”或在“D:\NewEditor\Debug\vc110.pdb”中寻找)；正在链接对象，如同没有调试信息一样
FreeImage_d.lib(jaricom.obj) : warning LNK4099: 未找到 PDB“vc110.pdb”(使用“FreeImage_d.lib(jaricom.obj)”或在“D:\NewEditor\Debug\vc110.pdb”中寻找)；正在链接对象，如同没有调试信息一样
FreeImage_d.lib(jcapimin.obj) : warning LNK4099: 未找到 PDB“vc110.pdb”(使用“FreeImage_d.lib(jcapimin.obj)”或在“D:\NewEditor\Debug\vc110.pdb”中寻找)；正在链接对象，如同没有调试信息一样
FreeImage_d.lib(jcapistd.obj) : warning LNK4099: 未找到 PDB“vc110.pdb”(使用“FreeImage_d.lib(jcapistd.obj)”或在“D:\NewEditor\Debug\vc110.pdb”中寻找)；正在链接对象，如同没有调试信息一样
FreeImage_d.lib(jcarith.obj) : warning LNK4099: 未找到 PDB“vc110.pdb”(使用“FreeImage_d.lib(jcarith.obj)”或在“D:\NewEditor\Debug\vc110.pdb”中寻找)；正在链接对象，如同没有调试信息一样
FreeImage_d.lib(jccoefct.obj) : warning LNK4099: 未找到 PDB“vc110.pdb”(使用“FreeImage_d.lib(jccoefct.obj)”或在“D:\NewEditor\Debug\vc110.pdb”中寻找)；正在链接对象，如同没有调试信息一样
FreeImage_d.lib(jccolor.obj) : warning LNK4099: 未找到 PDB“vc110.pdb”(使用“FreeImage_d.lib(jccolor.obj)”或在“D:\NewEditor\Debug\vc110.pdb”中寻找)；正在链接对象，如同没有调试信息一样
FreeImage_d.lib(jcdctmgr.obj) : warning LNK4099: 未找到 PDB“vc110.pdb”(使用“FreeImage_d.lib(jcdctmgr.obj)”或在“D:\NewEditor\Debug\vc110.pdb”中寻找)；正在链接对象，如同没有调试信息一样
FreeImage_d.lib(jchuff.obj) : warning LNK4099: 未找到 PDB“vc110.pdb”(使用“FreeImage_d.lib(jchuff.obj)”或在“D:\NewEditor\Debug\vc110.pdb”中寻找)；正在链接对象，如同没有调试信息一样
FreeImage_d.lib(jcinit.obj) : warning LNK4099: 未找到 PDB“vc110.pdb”(使用“FreeImage_d.lib(jcinit.obj)”或在“D:\NewEditor\Debug\vc110.pdb”中寻找)；正在链接对象，如同没有调试信息一样
FreeImage_d.lib(jcmainct.obj) : warning LNK4099: 未找到 PDB“vc110.pdb”(使用“FreeImage_d.lib(jcmainct.obj)”或在“D:\NewEditor\Debug\vc110.pdb”中寻找)；正在链接对象，如同没有调试信息一样
FreeImage_d.lib(jcmarker.obj) : warning LNK4099: 未找到 PDB“vc110.pdb”(使用“FreeImage_d.lib(jcmarker.obj)”或在“D:\NewEditor\Debug\vc110.pdb”中寻找)；正在链接对象，如同没有调试信息一样
FreeImage_d.lib(jcmaster.obj) : warning LNK4099: 未找到 PDB“vc110.pdb”(使用“FreeImage_d.lib(jcmaster.obj)”或在“D:\NewEditor\Debug\vc110.pdb”中寻找)；正在链接对象，如同没有调试信息一样
FreeImage_d.lib(jcomapi.obj) : warning LNK4099: 未找到 PDB“vc110.pdb”(使用“FreeImage_d.lib(jcomapi.obj)”或在“D:\NewEditor\Debug\vc110.pdb”中寻找)；正在链接对象，如同没有调试信息一样
FreeImage_d.lib(jcparam.obj) : warning LNK4099: 未找到 PDB“vc110.pdb”(使用“FreeImage_d.lib(jcparam.obj)”或在“D:\NewEditor\Debug\vc110.pdb”中寻找)；正在链接对象，如同没有调试信息一样
FreeImage_d.lib(jcprepct.obj) : warning LNK4099: 未找到 PDB“vc110.pdb”(使用“FreeImage_d.lib(jcprepct.obj)”或在“D:\NewEditor\Debug\vc110.pdb”中寻找)；正在链接对象，如同没有调试信息一样
FreeImage_d.lib(jcsample.obj) : warning LNK4099: 未找到 PDB“vc110.pdb”(使用“FreeImage_d.lib(jcsample.obj)”或在“D:\NewEditor\Debug\vc110.pdb”中寻找)；正在链接对象，如同没有调试信息一样
FreeImage_d.lib(jdapimin.obj) : warning LNK4099: 未找到 PDB“vc110.pdb”(使用“FreeImage_d.lib(jdapimin.obj)”或在“D:\NewEditor\Debug\vc110.pdb”中寻找)；正在链接对象，如同没有调试信息一样
FreeImage_d.lib(jdapistd.obj) : warning LNK4099: 未找到 PDB“vc110.pdb”(使用“FreeImage_d.lib(jdapistd.obj)”或在“D:\NewEditor\Debug\vc110.pdb”中寻找)；正在链接对象，如同没有调试信息一样
FreeImage_d.lib(jdarith.obj) : warning LNK4099: 未找到 PDB“vc110.pdb”(使用“FreeImage_d.lib(jdarith.obj)”或在“D:\NewEditor\Debug\vc110.pdb”中寻找)；正在链接对象，如同没有调试信息一样
FreeImage_d.lib(jdcoefct.obj) : warning LNK4099: 未找到 PDB“vc110.pdb”(使用“FreeImage_d.lib(jdcoefct.obj)”或在“D:\NewEditor\Debug\vc110.pdb”中寻找)；正在链接对象，如同没有调试信息一样
FreeImage_d.lib(jdcolor.obj) : warning LNK4099: 未找到 PDB“vc110.pdb”(使用“FreeImage_d.lib(jdcolor.obj)”或在“D:\NewEditor\Debug\vc110.pdb”中寻找)；正在链接对象，如同没有调试信息一样
FreeImage_d.lib(jddctmgr.obj) : warning LNK4099: 未找到 PDB“vc110.pdb”(使用“FreeImage_d.lib(jddctmgr.obj)”或在“D:\NewEditor\Debug\vc110.pdb”中寻找)；正在链接对象，如同没有调试信息一样
FreeImage_d.lib(jdhuff.obj) : warning LNK4099: 未找到 PDB“vc110.pdb”(使用“FreeImage_d.lib(jdhuff.obj)”或在“D:\NewEditor\Debug\vc110.pdb”中寻找)；正在链接对象，如同没有调试信息一样
FreeImage_d.lib(jdinput.obj) : warning LNK4099: 未找到 PDB“vc110.pdb”(使用“FreeImage_d.lib(jdinput.obj)”或在“D:\NewEditor\Debug\vc110.pdb”中寻找)；正在链接对象，如同没有调试信息一样
FreeImage_d.lib(jdmainct.obj) : warning LNK4099: 未找到 PDB“vc110.pdb”(使用“FreeImage_d.lib(jdmainct.obj)”或在“D:\NewEditor\Debug\vc110.pdb”中寻找)；正在链接对象，如同没有调试信息一样
FreeImage_d.lib(jdmarker.obj) : warning LNK4099: 未找到 PDB“vc110.pdb”(使用“FreeImage_d.lib(jdmarker.obj)”或在“D:\NewEditor\Debug\vc110.pdb”中寻找)；正在链接对象，如同没有调试信息一样
FreeImage_d.lib(jdmaster.obj) : warning LNK4099: 未找到 PDB“vc110.pdb”(使用“FreeImage_d.lib(jdmaster.obj)”或在“D:\NewEditor\Debug\vc110.pdb”中寻找)；正在链接对象，如同没有调试信息一样
FreeImage_d.lib(jdmerge.obj) : warning LNK4099: 未找到 PDB“vc110.pdb”(使用“FreeImage_d.lib(jdmerge.obj)”或在“D:\NewEditor\Debug\vc110.pdb”中寻找)；正在链接对象，如同没有调试信息一样
FreeImage_d.lib(jdpostct.obj) : warning LNK4099: 未找到 PDB“vc110.pdb”(使用“FreeImage_d.lib(jdpostct.obj)”或在“D:\NewEditor\Debug\vc110.pdb”中寻找)；正在链接对象，如同没有调试信息一样
FreeImage_d.lib(jdsample.obj) : warning LNK4099: 未找到 PDB“vc110.pdb”(使用“FreeImage_d.lib(jdsample.obj)”或在“D:\NewEditor\Debug\vc110.pdb”中寻找)；正在链接对象，如同没有调试信息一样
FreeImage_d.lib(jerror.obj) : warning LNK4099: 未找到 PDB“vc110.pdb”(使用“FreeImage_d.lib(jerror.obj)”或在“D:\NewEditor\Debug\vc110.pdb”中寻找)；正在链接对象，如同没有调试信息一样
FreeImage_d.lib(jfdctflt.obj) : warning LNK4099: 未找到 PDB“vc110.pdb”(使用“FreeImage_d.lib(jfdctflt.obj)”或在“D:\NewEditor\Debug\vc110.pdb”中寻找)；正在链接对象，如同没有调试信息一样
FreeImage_d.lib(jfdctfst.obj) : warning LNK4099: 未找到 PDB“vc110.pdb”(使用“FreeImage_d.lib(jfdctfst.obj)”或在“D:\NewEditor\Debug\vc110.pdb”中寻找)；正在链接对象，如同没有调试信息一样
FreeImage_d.lib(jfdctint.obj) : warning LNK4099: 未找到 PDB“vc110.pdb”(使用“FreeImage_d.lib(jfdctint.obj)”或在“D:\NewEditor\Debug\vc110.pdb”中寻找)；正在链接对象，如同没有调试信息一样
FreeImage_d.lib(jidctflt.obj) : warning LNK4099: 未找到 PDB“vc110.pdb”(使用“FreeImage_d.lib(jidctflt.obj)”或在“D:\NewEditor\Debug\vc110.pdb”中寻找)；正在链接对象，如同没有调试信息一样
FreeImage_d.lib(jidctfst.obj) : warning LNK4099: 未找到 PDB“vc110.pdb”(使用“FreeImage_d.lib(jidctfst.obj)”或在“D:\NewEditor\Debug\vc110.pdb”中寻找)；正在链接对象，如同没有调试信息一样
FreeImage_d.lib(jidctint.obj) : warning LNK4099: 未找到 PDB“vc110.pdb”(使用“FreeImage_d.lib(jidctint.obj)”或在“D:\NewEditor\Debug\vc110.pdb”中寻找)；正在链接对象，如同没有调试信息一样
FreeImage_d.lib(jmemmgr.obj) : warning LNK4099: 未找到 PDB“vc110.pdb”(使用“FreeImage_d.lib(jmemmgr.obj)”或在“D:\NewEditor\Debug\vc110.pdb”中寻找)；正在链接对象，如同没有调试信息一样
FreeImage_d.lib(jmemnobs.obj) : warning LNK4099: 未找到 PDB“vc110.pdb”(使用“FreeImage_d.lib(jmemnobs.obj)”或在“D:\NewEditor\Debug\vc110.pdb”中寻找)；正在链接对象，如同没有调试信息一样
FreeImage_d.lib(jquant1.obj) : warning LNK4099: 未找到 PDB“vc110.pdb”(使用“FreeImage_d.lib(jquant1.obj)”或在“D:\NewEditor\Debug\vc110.pdb”中寻找)；正在链接对象，如同没有调试信息一样
FreeImage_d.lib(jquant2.obj) : warning LNK4099: 未找到 PDB“vc110.pdb”(使用“FreeImage_d.lib(jquant2.obj)”或在“D:\NewEditor\Debug\vc110.pdb”中寻找)；正在链接对象，如同没有调试信息一样
FreeImage_d.lib(jutils.obj) : warning LNK4099: 未找到 PDB“vc110.pdb”(使用“FreeImage_d.lib(jutils.obj)”或在“D:\NewEditor\Debug\vc110.pdb”中寻找)；正在链接对象，如同没有调试信息一样
FreeImage_d.lib(bio.obj) : warning LNK4099: 未找到 PDB“vc110.pdb”(使用“FreeImage_d.lib(bio.obj)”或在“D:\NewEditor\Debug\vc110.pdb”中寻找)；正在链接对象，如同没有调试信息一样
FreeImage_d.lib(cidx_manager.obj) : warning LNK4099: 未找到 PDB“vc110.pdb”(使用“FreeImage_d.lib(cidx_manager.obj)”或在“D:\NewEditor\Debug\vc110.pdb”中寻找)；正在链接对象，如同没有调试信息一样
FreeImage_d.lib(cio.obj) : warning LNK4099: 未找到 PDB“vc110.pdb”(使用“FreeImage_d.lib(cio.obj)”或在“D:\NewEditor\Debug\vc110.pdb”中寻找)；正在链接对象，如同没有调试信息一样
FreeImage_d.lib(dwt.obj) : warning LNK4099: 未找到 PDB“vc110.pdb”(使用“FreeImage_d.lib(dwt.obj)”或在“D:\NewEditor\Debug\vc110.pdb”中寻找)；正在链接对象，如同没有调试信息一样
FreeImage_d.lib(event.obj) : warning LNK4099: 未找到 PDB“vc110.pdb”(使用“FreeImage_d.lib(event.obj)”或在“D:\NewEditor\Debug\vc110.pdb”中寻找)；正在链接对象，如同没有调试信息一样
FreeImage_d.lib(image.obj) : warning LNK4099: 未找到 PDB“vc110.pdb”(使用“FreeImage_d.lib(image.obj)”或在“D:\NewEditor\Debug\vc110.pdb”中寻找)；正在链接对象，如同没有调试信息一样
FreeImage_d.lib(j2k.obj) : warning LNK4099: 未找到 PDB“vc110.pdb”(使用“FreeImage_d.lib(j2k.obj)”或在“D:\NewEditor\Debug\vc110.pdb”中寻找)；正在链接对象，如同没有调试信息一样
FreeImage_d.lib(j2k_lib.obj) : warning LNK4099: 未找到 PDB“vc110.pdb”(使用“FreeImage_d.lib(j2k_lib.obj)”或在“D:\NewEditor\Debug\vc110.pdb”中寻找)；正在链接对象，如同没有调试信息一样
FreeImage_d.lib(jp2.obj) : warning LNK4099: 未找到 PDB“vc110.pdb”(使用“FreeImage_d.lib(jp2.obj)”或在“D:\NewEditor\Debug\vc110.pdb”中寻找)；正在链接对象，如同没有调试信息一样
FreeImage_d.lib(jpt.obj) : warning LNK4099: 未找到 PDB“vc110.pdb”(使用“FreeImage_d.lib(jpt.obj)”或在“D:\NewEditor\Debug\vc110.pdb”中寻找)；正在链接对象，如同没有调试信息一样
FreeImage_d.lib(mct.obj) : warning LNK4099: 未找到 PDB“vc110.pdb”(使用“FreeImage_d.lib(mct.obj)”或在“D:\NewEditor\Debug\vc110.pdb”中寻找)；正在链接对象，如同没有调试信息一样
FreeImage_d.lib(mqc.obj) : warning LNK4099: 未找到 PDB“vc110.pdb”(使用“FreeImage_d.lib(mqc.obj)”或在“D:\NewEditor\Debug\vc110.pdb”中寻找)；正在链接对象，如同没有调试信息一样
FreeImage_d.lib(openjpeg.obj) : warning LNK4099: 未找到 PDB“vc110.pdb”(使用“FreeImage_d.lib(openjpeg.obj)”或在“D:\NewEditor\Debug\vc110.pdb”中寻找)；正在链接对象，如同没有调试信息一样
FreeImage_d.lib(phix_manager.obj) : warning LNK4099: 未找到 PDB“vc110.pdb”(使用“FreeImage_d.lib(phix_manager.obj)”或在“D:\NewEditor\Debug\vc110.pdb”中寻找)；正在链接对象，如同没有调试信息一样
FreeImage_d.lib(pi.obj) : warning LNK4099: 未找到 PDB“vc110.pdb”(使用“FreeImage_d.lib(pi.obj)”或在“D:\NewEditor\Debug\vc110.pdb”中寻找)；正在链接对象，如同没有调试信息一样
FreeImage_d.lib(ppix_manager.obj) : warning LNK4099: 未找到 PDB“vc110.pdb”(使用“FreeImage_d.lib(ppix_manager.obj)”或在“D:\NewEditor\Debug\vc110.pdb”中寻找)；正在链接对象，如同没有调试信息一样
FreeImage_d.lib(raw.obj) : warning LNK4099: 未找到 PDB“vc110.pdb”(使用“FreeImage_d.lib(raw.obj)”或在“D:\NewEditor\Debug\vc110.pdb”中寻找)；正在链接对象，如同没有调试信息一样
FreeImage_d.lib(t1.obj) : warning LNK4099: 未找到 PDB“vc110.pdb”(使用“FreeImage_d.lib(t1.obj)”或在“D:\NewEditor\Debug\vc110.pdb”中寻找)；正在链接对象，如同没有调试信息一样
FreeImage_d.lib(t2.obj) : warning LNK4099: 未找到 PDB“vc110.pdb”(使用“FreeImage_d.lib(t2.obj)”或在“D:\NewEditor\Debug\vc110.pdb”中寻找)；正在链接对象，如同没有调试信息一样
FreeImage_d.lib(tcd.obj) : warning LNK4099: 未找到 PDB“vc110.pdb”(使用“FreeImage_d.lib(tcd.obj)”或在“D:\NewEditor\Debug\vc110.pdb”中寻找)；正在链接对象，如同没有调试信息一样
FreeImage_d.lib(tgt.obj) : warning LNK4099: 未找到 PDB“vc110.pdb”(使用“FreeImage_d.lib(tgt.obj)”或在“D:\NewEditor\Debug\vc110.pdb”中寻找)；正在链接对象，如同没有调试信息一样
FreeImage_d.lib(thix_manager.obj) : warning LNK4099: 未找到 PDB“vc110.pdb”(使用“FreeImage_d.lib(thix_manager.obj)”或在“D:\NewEditor\Debug\vc110.pdb”中寻找)；正在链接对象，如同没有调试信息一样
FreeImage_d.lib(tpix_manager.obj) : warning LNK4099: 未找到 PDB“vc110.pdb”(使用“FreeImage_d.lib(tpix_manager.obj)”或在“D:\NewEditor\Debug\vc110.pdb”中寻找)；正在链接对象，如同没有调试信息一样
FreeImage_d.lib(png.obj) : warning LNK4099: 未找到 PDB“vc110.pdb”(使用“FreeImage_d.lib(png.obj)”或在“D:\NewEditor\Debug\vc110.pdb”中寻找)；正在链接对象，如同没有调试信息一样
FreeImage_d.lib(pngerror.obj) : warning LNK4099: 未找到 PDB“vc110.pdb”(使用“FreeImage_d.lib(pngerror.obj)”或在“D:\NewEditor\Debug\vc110.pdb”中寻找)；正在链接对象，如同没有调试信息一样
FreeImage_d.lib(pngget.obj) : warning LNK4099: 未找到 PDB“vc110.pdb”(使用“FreeImage_d.lib(pngget.obj)”或在“D:\NewEditor\Debug\vc110.pdb”中寻找)；正在链接对象，如同没有调试信息一样
FreeImage_d.lib(pngmem.obj) : warning LNK4099: 未找到 PDB“vc110.pdb”(使用“FreeImage_d.lib(pngmem.obj)”或在“D:\NewEditor\Debug\vc110.pdb”中寻找)；正在链接对象，如同没有调试信息一样
FreeImage_d.lib(pngread.obj) : warning LNK4099: 未找到 PDB“vc110.pdb”(使用“FreeImage_d.lib(pngread.obj)”或在“D:\NewEditor\Debug\vc110.pdb”中寻找)；正在链接对象，如同没有调试信息一样
FreeImage_d.lib(pngrio.obj) : warning LNK4099: 未找到 PDB“vc110.pdb”(使用“FreeImage_d.lib(pngrio.obj)”或在“D:\NewEditor\Debug\vc110.pdb”中寻找)；正在链接对象，如同没有调试信息一样
FreeImage_d.lib(pngrtran.obj) : warning LNK4099: 未找到 PDB“vc110.pdb”(使用“FreeImage_d.lib(pngrtran.obj)”或在“D:\NewEditor\Debug\vc110.pdb”中寻找)；正在链接对象，如同没有调试信息一样
FreeImage_d.lib(pngrutil.obj) : warning LNK4099: 未找到 PDB“vc110.pdb”(使用“FreeImage_d.lib(pngrutil.obj)”或在“D:\NewEditor\Debug\vc110.pdb”中寻找)；正在链接对象，如同没有调试信息一样
FreeImage_d.lib(pngset.obj) : warning LNK4099: 未找到 PDB“vc110.pdb”(使用“FreeImage_d.lib(pngset.obj)”或在“D:\NewEditor\Debug\vc110.pdb”中寻找)；正在链接对象，如同没有调试信息一样
FreeImage_d.lib(pngtrans.obj) : warning LNK4099: 未找到 PDB“vc110.pdb”(使用“FreeImage_d.lib(pngtrans.obj)”或在“D:\NewEditor\Debug\vc110.pdb”中寻找)；正在链接对象，如同没有调试信息一样
FreeImage_d.lib(pngwio.obj) : warning LNK4099: 未找到 PDB“vc110.pdb”(使用“FreeImage_d.lib(pngwio.obj)”或在“D:\NewEditor\Debug\vc110.pdb”中寻找)；正在链接对象，如同没有调试信息一样
FreeImage_d.lib(pngwrite.obj) : warning LNK4099: 未找到 PDB“vc110.pdb”(使用“FreeImage_d.lib(pngwrite.obj)”或在“D:\NewEditor\Debug\vc110.pdb”中寻找)；正在链接对象，如同没有调试信息一样
FreeImage_d.lib(pngwtran.obj) : warning LNK4099: 未找到 PDB“vc110.pdb”(使用“FreeImage_d.lib(pngwtran.obj)”或在“D:\NewEditor\Debug\vc110.pdb”中寻找)；正在链接对象，如同没有调试信息一样
FreeImage_d.lib(pngwutil.obj) : warning LNK4099: 未找到 PDB“vc110.pdb”(使用“FreeImage_d.lib(pngwutil.obj)”或在“D:\NewEditor\Debug\vc110.pdb”中寻找)；正在链接对象，如同没有调试信息一样
FreeImage_d.lib(dcraw_common.obj) : warning LNK4099: 未找到 PDB“vc110.pdb”(使用“FreeImage_d.lib(dcraw_common.obj)”或在“D:\NewEditor\Debug\vc110.pdb”中寻找)；正在链接对象，如同没有调试信息一样
FreeImage_d.lib(dcraw_fileio.obj) : warning LNK4099: 未找到 PDB“vc110.pdb”(使用“FreeImage_d.lib(dcraw_fileio.obj)”或在“D:\NewEditor\Debug\vc110.pdb”中寻找)；正在链接对象，如同没有调试信息一样
FreeImage_d.lib(demosaic_packs.obj) : warning LNK4099: 未找到 PDB“vc110.pdb”(使用“FreeImage_d.lib(demosaic_packs.obj)”或在“D:\NewEditor\Debug\vc110.pdb”中寻找)；正在链接对象，如同没有调试信息一样
FreeImage_d.lib(libraw_cxx.obj) : warning LNK4099: 未找到 PDB“vc110.pdb”(使用“FreeImage_d.lib(libraw_cxx.obj)”或在“D:\NewEditor\Debug\vc110.pdb”中寻找)；正在链接对象，如同没有调试信息一样
FreeImage_d.lib(libraw_datastream.obj) : warning LNK4099: 未找到 PDB“vc110.pdb”(使用“FreeImage_d.lib(libraw_datastream.obj)”或在“D:\NewEditor\Debug\vc110.pdb”中寻找)；正在链接对象，如同没有调试信息一样
FreeImage_d.lib(tif_aux.obj) : warning LNK4099: 未找到 PDB“vc110.pdb”(使用“FreeImage_d.lib(tif_aux.obj)”或在“D:\NewEditor\Debug\vc110.pdb”中寻找)；正在链接对象，如同没有调试信息一样
FreeImage_d.lib(tif_close.obj) : warning LNK4099: 未找到 PDB“vc110.pdb”(使用“FreeImage_d.lib(tif_close.obj)”或在“D:\NewEditor\Debug\vc110.pdb”中寻找)；正在链接对象，如同没有调试信息一样
FreeImage_d.lib(tif_codec.obj) : warning LNK4099: 未找到 PDB“vc110.pdb”(使用“FreeImage_d.lib(tif_codec.obj)”或在“D:\NewEditor\Debug\vc110.pdb”中寻找)；正在链接对象，如同没有调试信息一样
FreeImage_d.lib(tif_color.obj) : warning LNK4099: 未找到 PDB“vc110.pdb”(使用“FreeImage_d.lib(tif_color.obj)”或在“D:\NewEditor\Debug\vc110.pdb”中寻找)；正在链接对象，如同没有调试信息一样
FreeImage_d.lib(tif_compress.obj) : warning LNK4099: 未找到 PDB“vc110.pdb”(使用“FreeImage_d.lib(tif_compress.obj)”或在“D:\NewEditor\Debug\vc110.pdb”中寻找)；正在链接对象，如同没有调试信息一样
FreeImage_d.lib(tif_dir.obj) : warning LNK4099: 未找到 PDB“vc110.pdb”(使用“FreeImage_d.lib(tif_dir.obj)”或在“D:\NewEditor\Debug\vc110.pdb”中寻找)；正在链接对象，如同没有调试信息一样
FreeImage_d.lib(tif_dirinfo.obj) : warning LNK4099: 未找到 PDB“vc110.pdb”(使用“FreeImage_d.lib(tif_dirinfo.obj)”或在“D:\NewEditor\Debug\vc110.pdb”中寻找)；正在链接对象，如同没有调试信息一样
FreeImage_d.lib(tif_dirread.obj) : warning LNK4099: 未找到 PDB“vc110.pdb”(使用“FreeImage_d.lib(tif_dirread.obj)”或在“D:\NewEditor\Debug\vc110.pdb”中寻找)；正在链接对象，如同没有调试信息一样
FreeImage_d.lib(tif_dirwrite.obj) : warning LNK4099: 未找到 PDB“vc110.pdb”(使用“FreeImage_d.lib(tif_dirwrite.obj)”或在“D:\NewEditor\Debug\vc110.pdb”中寻找)；正在链接对象，如同没有调试信息一样
FreeImage_d.lib(tif_dumpmode.obj) : warning LNK4099: 未找到 PDB“vc110.pdb”(使用“FreeImage_d.lib(tif_dumpmode.obj)”或在“D:\NewEditor\Debug\vc110.pdb”中寻找)；正在链接对象，如同没有调试信息一样
FreeImage_d.lib(tif_error.obj) : warning LNK4099: 未找到 PDB“vc110.pdb”(使用“FreeImage_d.lib(tif_error.obj)”或在“D:\NewEditor\Debug\vc110.pdb”中寻找)；正在链接对象，如同没有调试信息一样
FreeImage_d.lib(tif_extension.obj) : warning LNK4099: 未找到 PDB“vc110.pdb”(使用“FreeImage_d.lib(tif_extension.obj)”或在“D:\NewEditor\Debug\vc110.pdb”中寻找)；正在链接对象，如同没有调试信息一样
FreeImage_d.lib(tif_fax3.obj) : warning LNK4099: 未找到 PDB“vc110.pdb”(使用“FreeImage_d.lib(tif_fax3.obj)”或在“D:\NewEditor\Debug\vc110.pdb”中寻找)；正在链接对象，如同没有调试信息一样
FreeImage_d.lib(tif_fax3sm.obj) : warning LNK4099: 未找到 PDB“vc110.pdb”(使用“FreeImage_d.lib(tif_fax3sm.obj)”或在“D:\NewEditor\Debug\vc110.pdb”中寻找)；正在链接对象，如同没有调试信息一样
FreeImage_d.lib(tif_flush.obj) : warning LNK4099: 未找到 PDB“vc110.pdb”(使用“FreeImage_d.lib(tif_flush.obj)”或在“D:\NewEditor\Debug\vc110.pdb”中寻找)；正在链接对象，如同没有调试信息一样
FreeImage_d.lib(tif_getimage.obj) : warning LNK4099: 未找到 PDB“vc110.pdb”(使用“FreeImage_d.lib(tif_getimage.obj)”或在“D:\NewEditor\Debug\vc110.pdb”中寻找)；正在链接对象，如同没有调试信息一样
FreeImage_d.lib(tif_jpeg.obj) : warning LNK4099: 未找到 PDB“vc110.pdb”(使用“FreeImage_d.lib(tif_jpeg.obj)”或在“D:\NewEditor\Debug\vc110.pdb”中寻找)；正在链接对象，如同没有调试信息一样
FreeImage_d.lib(tif_luv.obj) : warning LNK4099: 未找到 PDB“vc110.pdb”(使用“FreeImage_d.lib(tif_luv.obj)”或在“D:\NewEditor\Debug\vc110.pdb”中寻找)；正在链接对象，如同没有调试信息一样
FreeImage_d.lib(tif_lzw.obj) : warning LNK4099: 未找到 PDB“vc110.pdb”(使用“FreeImage_d.lib(tif_lzw.obj)”或在“D:\NewEditor\Debug\vc110.pdb”中寻找)；正在链接对象，如同没有调试信息一样
FreeImage_d.lib(tif_next.obj) : warning LNK4099: 未找到 PDB“vc110.pdb”(使用“FreeImage_d.lib(tif_next.obj)”或在“D:\NewEditor\Debug\vc110.pdb”中寻找)；正在链接对象，如同没有调试信息一样
FreeImage_d.lib(tif_ojpeg.obj) : warning LNK4099: 未找到 PDB“vc110.pdb”(使用“FreeImage_d.lib(tif_ojpeg.obj)”或在“D:\NewEditor\Debug\vc110.pdb”中寻找)；正在链接对象，如同没有调试信息一样
FreeImage_d.lib(tif_open.obj) : warning LNK4099: 未找到 PDB“vc110.pdb”(使用“FreeImage_d.lib(tif_open.obj)”或在“D:\NewEditor\Debug\vc110.pdb”中寻找)；正在链接对象，如同没有调试信息一样
FreeImage_d.lib(tif_packbits.obj) : warning LNK4099: 未找到 PDB“vc110.pdb”(使用“FreeImage_d.lib(tif_packbits.obj)”或在“D:\NewEditor\Debug\vc110.pdb”中寻找)；正在链接对象，如同没有调试信息一样
FreeImage_d.lib(tif_pixarlog.obj) : warning LNK4099: 未找到 PDB“vc110.pdb”(使用“FreeImage_d.lib(tif_pixarlog.obj)”或在“D:\NewEditor\Debug\vc110.pdb”中寻找)；正在链接对象，如同没有调试信息一样
FreeImage_d.lib(tif_predict.obj) : warning LNK4099: 未找到 PDB“vc110.pdb”(使用“FreeImage_d.lib(tif_predict.obj)”或在“D:\NewEditor\Debug\vc110.pdb”中寻找)；正在链接对象，如同没有调试信息一样
FreeImage_d.lib(tif_read.obj) : warning LNK4099: 未找到 PDB“vc110.pdb”(使用“FreeImage_d.lib(tif_read.obj)”或在“D:\NewEditor\Debug\vc110.pdb”中寻找)；正在链接对象，如同没有调试信息一样
FreeImage_d.lib(tif_strip.obj) : warning LNK4099: 未找到 PDB“vc110.pdb”(使用“FreeImage_d.lib(tif_strip.obj)”或在“D:\NewEditor\Debug\vc110.pdb”中寻找)；正在链接对象，如同没有调试信息一样
FreeImage_d.lib(tif_swab.obj) : warning LNK4099: 未找到 PDB“vc110.pdb”(使用“FreeImage_d.lib(tif_swab.obj)”或在“D:\NewEditor\Debug\vc110.pdb”中寻找)；正在链接对象，如同没有调试信息一样
FreeImage_d.lib(tif_thunder.obj) : warning LNK4099: 未找到 PDB“vc110.pdb”(使用“FreeImage_d.lib(tif_thunder.obj)”或在“D:\NewEditor\Debug\vc110.pdb”中寻找)；正在链接对象，如同没有调试信息一样
FreeImage_d.lib(tif_tile.obj) : warning LNK4099: 未找到 PDB“vc110.pdb”(使用“FreeImage_d.lib(tif_tile.obj)”或在“D:\NewEditor\Debug\vc110.pdb”中寻找)；正在链接对象，如同没有调试信息一样
FreeImage_d.lib(tif_warning.obj) : warning LNK4099: 未找到 PDB“vc110.pdb”(使用“FreeImage_d.lib(tif_warning.obj)”或在“D:\NewEditor\Debug\vc110.pdb”中寻找)；正在链接对象，如同没有调试信息一样
FreeImage_d.lib(tif_write.obj) : warning LNK4099: 未找到 PDB“vc110.pdb”(使用“FreeImage_d.lib(tif_write.obj)”或在“D:\NewEditor\Debug\vc110.pdb”中寻找)；正在链接对象，如同没有调试信息一样
FreeImage_d.lib(tif_zip.obj) : warning LNK4099: 未找到 PDB“vc110.pdb”(使用“FreeImage_d.lib(tif_zip.obj)”或在“D:\NewEditor\Debug\vc110.pdb”中寻找)；正在链接对象，如同没有调试信息一样
FreeImage_d.lib(Exif.obj) : warning LNK4099: 未找到 PDB“vc110.pdb”(使用“FreeImage_d.lib(Exif.obj)”或在“D:\NewEditor\Debug\vc110.pdb”中寻找)；正在链接对象，如同没有调试信息一样
FreeImage_d.lib(FIRational.obj) : warning LNK4099: 未找到 PDB“vc110.pdb”(使用“FreeImage_d.lib(FIRational.obj)”或在“D:\NewEditor\Debug\vc110.pdb”中寻找)；正在链接对象，如同没有调试信息一样
FreeImage_d.lib(FreeImageTag.obj) : warning LNK4099: 未找到 PDB“vc110.pdb”(使用“FreeImage_d.lib(FreeImageTag.obj)”或在“D:\NewEditor\Debug\vc110.pdb”中寻找)；正在链接对象，如同没有调试信息一样
FreeImage_d.lib(IPTC.obj) : warning LNK4099: 未找到 PDB“vc110.pdb”(使用“FreeImage_d.lib(IPTC.obj)”或在“D:\NewEditor\Debug\vc110.pdb”中寻找)；正在链接对象，如同没有调试信息一样
FreeImage_d.lib(TagLib.obj) : warning LNK4099: 未找到 PDB“vc110.pdb”(使用“FreeImage_d.lib(TagLib.obj)”或在“D:\NewEditor\Debug\vc110.pdb”中寻找)；正在链接对象，如同没有调试信息一样
FreeImage_d.lib(XTIFF.obj) : warning LNK4099: 未找到 PDB“vc110.pdb”(使用“FreeImage_d.lib(XTIFF.obj)”或在“D:\NewEditor\Debug\vc110.pdb”中寻找)；正在链接对象，如同没有调试信息一样
FreeImage_d.lib(half.obj) : warning LNK4099: 未找到 PDB“vc110.pdb”(使用“FreeImage_d.lib(half.obj)”或在“D:\NewEditor\Debug\vc110.pdb”中寻找)；正在链接对象，如同没有调试信息一样
FreeImage_d.lib(IexBaseExc.obj) : warning LNK4099: 未找到 PDB“vc110.pdb”(使用“FreeImage_d.lib(IexBaseExc.obj)”或在“D:\NewEditor\Debug\vc110.pdb”中寻找)；正在链接对象，如同没有调试信息一样
FreeImage_d.lib(IexThrowErrnoExc.obj) : warning LNK4099: 未找到 PDB“vc110.pdb”(使用“FreeImage_d.lib(IexThrowErrnoExc.obj)”或在“D:\NewEditor\Debug\vc110.pdb”中寻找)；正在链接对象，如同没有调试信息一样
FreeImage_d.lib(ImfAttribute.obj) : warning LNK4099: 未找到 PDB“vc110.pdb”(使用“FreeImage_d.lib(ImfAttribute.obj)”或在“D:\NewEditor\Debug\vc110.pdb”中寻找)；正在链接对象，如同没有调试信息一样
FreeImage_d.lib(ImfB44Compressor.obj) : warning LNK4099: 未找到 PDB“vc110.pdb”(使用“FreeImage_d.lib(ImfB44Compressor.obj)”或在“D:\NewEditor\Debug\vc110.pdb”中寻找)；正在链接对象，如同没有调试信息一样
FreeImage_d.lib(ImfBoxAttribute.obj) : warning LNK4099: 未找到 PDB“vc110.pdb”(使用“FreeImage_d.lib(ImfBoxAttribute.obj)”或在“D:\NewEditor\Debug\vc110.pdb”中寻找)；正在链接对象，如同没有调试信息一样
FreeImage_d.lib(ImfChannelList.obj) : warning LNK4099: 未找到 PDB“vc110.pdb”(使用“FreeImage_d.lib(ImfChannelList.obj)”或在“D:\NewEditor\Debug\vc110.pdb”中寻找)；正在链接对象，如同没有调试信息一样
FreeImage_d.lib(ImfChannelListAttribute.obj) : warning LNK4099: 未找到 PDB“vc110.pdb”(使用“FreeImage_d.lib(ImfChannelListAttribute.obj)”或在“D:\NewEditor\Debug\vc110.pdb”中寻找)；正在链接对象，如同没有调试信息一样
FreeImage_d.lib(ImfChromaticities.obj) : warning LNK4099: 未找到 PDB“vc110.pdb”(使用“FreeImage_d.lib(ImfChromaticities.obj)”或在“D:\NewEditor\Debug\vc110.pdb”中寻找)；正在链接对象，如同没有调试信息一样
FreeImage_d.lib(ImfChromaticitiesAttribute.obj) : warning LNK4099: 未找到 PDB“vc110.pdb”(使用“FreeImage_d.lib(ImfChromaticitiesAttribute.obj)”或在“D:\NewEditor\Debug\vc110.pdb”中寻找)；正在链接对象，如同没有调试信息一样
FreeImage_d.lib(ImfCompressionAttribute.obj) : warning LNK4099: 未找到 PDB“vc110.pdb”(使用“FreeImage_d.lib(ImfCompressionAttribute.obj)”或在“D:\NewEditor\Debug\vc110.pdb”中寻找)；正在链接对象，如同没有调试信息一样
FreeImage_d.lib(ImfCompressor.obj) : warning LNK4099: 未找到 PDB“vc110.pdb”(使用“FreeImage_d.lib(ImfCompressor.obj)”或在“D:\NewEditor\Debug\vc110.pdb”中寻找)；正在链接对象，如同没有调试信息一样
FreeImage_d.lib(ImfConvert.obj) : warning LNK4099: 未找到 PDB“vc110.pdb”(使用“FreeImage_d.lib(ImfConvert.obj)”或在“D:\NewEditor\Debug\vc110.pdb”中寻找)；正在链接对象，如同没有调试信息一样
FreeImage_d.lib(ImfDoubleAttribute.obj) : warning LNK4099: 未找到 PDB“vc110.pdb”(使用“FreeImage_d.lib(ImfDoubleAttribute.obj)”或在“D:\NewEditor\Debug\vc110.pdb”中寻找)；正在链接对象，如同没有调试信息一样
FreeImage_d.lib(ImfEnvmapAttribute.obj) : warning LNK4099: 未找到 PDB“vc110.pdb”(使用“FreeImage_d.lib(ImfEnvmapAttribute.obj)”或在“D:\NewEditor\Debug\vc110.pdb”中寻找)；正在链接对象，如同没有调试信息一样
FreeImage_d.lib(ImfFloatAttribute.obj) : warning LNK4099: 未找到 PDB“vc110.pdb”(使用“FreeImage_d.lib(ImfFloatAttribute.obj)”或在“D:\NewEditor\Debug\vc110.pdb”中寻找)；正在链接对象，如同没有调试信息一样
FreeImage_d.lib(ImfFrameBuffer.obj) : warning LNK4099: 未找到 PDB“vc110.pdb”(使用“FreeImage_d.lib(ImfFrameBuffer.obj)”或在“D:\NewEditor\Debug\vc110.pdb”中寻找)；正在链接对象，如同没有调试信息一样
FreeImage_d.lib(ImfHeader.obj) : warning LNK4099: 未找到 PDB“vc110.pdb”(使用“FreeImage_d.lib(ImfHeader.obj)”或在“D:\NewEditor\Debug\vc110.pdb”中寻找)；正在链接对象，如同没有调试信息一样
FreeImage_d.lib(ImfHuf.obj) : warning LNK4099: 未找到 PDB“vc110.pdb”(使用“FreeImage_d.lib(ImfHuf.obj)”或在“D:\NewEditor\Debug\vc110.pdb”中寻找)；正在链接对象，如同没有调试信息一样
FreeImage_d.lib(ImfIO.obj) : warning LNK4099: 未找到 PDB“vc110.pdb”(使用“FreeImage_d.lib(ImfIO.obj)”或在“D:\NewEditor\Debug\vc110.pdb”中寻找)；正在链接对象，如同没有调试信息一样
FreeImage_d.lib(ImfInputFile.obj) : warning LNK4099: 未找到 PDB“vc110.pdb”(使用“FreeImage_d.lib(ImfInputFile.obj)”或在“D:\NewEditor\Debug\vc110.pdb”中寻找)；正在链接对象，如同没有调试信息一样
FreeImage_d.lib(ImfIntAttribute.obj) : warning LNK4099: 未找到 PDB“vc110.pdb”(使用“FreeImage_d.lib(ImfIntAttribute.obj)”或在“D:\NewEditor\Debug\vc110.pdb”中寻找)；正在链接对象，如同没有调试信息一样
FreeImage_d.lib(ImfKeyCode.obj) : warning LNK4099: 未找到 PDB“vc110.pdb”(使用“FreeImage_d.lib(ImfKeyCode.obj)”或在“D:\NewEditor\Debug\vc110.pdb”中寻找)；正在链接对象，如同没有调试信息一样
FreeImage_d.lib(ImfKeyCodeAttribute.obj) : warning LNK4099: 未找到 PDB“vc110.pdb”(使用“FreeImage_d.lib(ImfKeyCodeAttribute.obj)”或在“D:\NewEditor\Debug\vc110.pdb”中寻找)；正在链接对象，如同没有调试信息一样
FreeImage_d.lib(ImfLineOrderAttribute.obj) : warning LNK4099: 未找到 PDB“vc110.pdb”(使用“FreeImage_d.lib(ImfLineOrderAttribute.obj)”或在“D:\NewEditor\Debug\vc110.pdb”中寻找)；正在链接对象，如同没有调试信息一样
FreeImage_d.lib(ImfMatrixAttribute.obj) : warning LNK4099: 未找到 PDB“vc110.pdb”(使用“FreeImage_d.lib(ImfMatrixAttribute.obj)”或在“D:\NewEditor\Debug\vc110.pdb”中寻找)；正在链接对象，如同没有调试信息一样
FreeImage_d.lib(ImfMisc.obj) : warning LNK4099: 未找到 PDB“vc110.pdb”(使用“FreeImage_d.lib(ImfMisc.obj)”或在“D:\NewEditor\Debug\vc110.pdb”中寻找)；正在链接对象，如同没有调试信息一样
FreeImage_d.lib(ImfOpaqueAttribute.obj) : warning LNK4099: 未找到 PDB“vc110.pdb”(使用“FreeImage_d.lib(ImfOpaqueAttribute.obj)”或在“D:\NewEditor\Debug\vc110.pdb”中寻找)；正在链接对象，如同没有调试信息一样
FreeImage_d.lib(ImfOutputFile.obj) : warning LNK4099: 未找到 PDB“vc110.pdb”(使用“FreeImage_d.lib(ImfOutputFile.obj)”或在“D:\NewEditor\Debug\vc110.pdb”中寻找)；正在链接对象，如同没有调试信息一样
FreeImage_d.lib(ImfPizCompressor.obj) : warning LNK4099: 未找到 PDB“vc110.pdb”(使用“FreeImage_d.lib(ImfPizCompressor.obj)”或在“D:\NewEditor\Debug\vc110.pdb”中寻找)；正在链接对象，如同没有调试信息一样
FreeImage_d.lib(ImfPreviewImage.obj) : warning LNK4099: 未找到 PDB“vc110.pdb”(使用“FreeImage_d.lib(ImfPreviewImage.obj)”或在“D:\NewEditor\Debug\vc110.pdb”中寻找)；正在链接对象，如同没有调试信息一样
FreeImage_d.lib(ImfPreviewImageAttribute.obj) : warning LNK4099: 未找到 PDB“vc110.pdb”(使用“FreeImage_d.lib(ImfPreviewImageAttribute.obj)”或在“D:\NewEditor\Debug\vc110.pdb”中寻找)；正在链接对象，如同没有调试信息一样
FreeImage_d.lib(ImfPxr24Compressor.obj) : warning LNK4099: 未找到 PDB“vc110.pdb”(使用“FreeImage_d.lib(ImfPxr24Compressor.obj)”或在“D:\NewEditor\Debug\vc110.pdb”中寻找)；正在链接对象，如同没有调试信息一样
FreeImage_d.lib(ImfRationalAttribute.obj) : warning LNK4099: 未找到 PDB“vc110.pdb”(使用“FreeImage_d.lib(ImfRationalAttribute.obj)”或在“D:\NewEditor\Debug\vc110.pdb”中寻找)；正在链接对象，如同没有调试信息一样
FreeImage_d.lib(ImfRgbaFile.obj) : warning LNK4099: 未找到 PDB“vc110.pdb”(使用“FreeImage_d.lib(ImfRgbaFile.obj)”或在“D:\NewEditor\Debug\vc110.pdb”中寻找)；正在链接对象，如同没有调试信息一样
FreeImage_d.lib(ImfRgbaYca.obj) : warning LNK4099: 未找到 PDB“vc110.pdb”(使用“FreeImage_d.lib(ImfRgbaYca.obj)”或在“D:\NewEditor\Debug\vc110.pdb”中寻找)；正在链接对象，如同没有调试信息一样
FreeImage_d.lib(ImfRleCompressor.obj) : warning LNK4099: 未找到 PDB“vc110.pdb”(使用“FreeImage_d.lib(ImfRleCompressor.obj)”或在“D:\NewEditor\Debug\vc110.pdb”中寻找)；正在链接对象，如同没有调试信息一样
FreeImage_d.lib(ImfScanLineInputFile.obj) : warning LNK4099: 未找到 PDB“vc110.pdb”(使用“FreeImage_d.lib(ImfScanLineInputFile.obj)”或在“D:\NewEditor\Debug\vc110.pdb”中寻找)；正在链接对象，如同没有调试信息一样
FreeImage_d.lib(ImfStandardAttributes.obj) : warning LNK4099: 未找到 PDB“vc110.pdb”(使用“FreeImage_d.lib(ImfStandardAttributes.obj)”或在“D:\NewEditor\Debug\vc110.pdb”中寻找)；正在链接对象，如同没有调试信息一样
FreeImage_d.lib(ImfStdIO.obj) : warning LNK4099: 未找到 PDB“vc110.pdb”(使用“FreeImage_d.lib(ImfStdIO.obj)”或在“D:\NewEditor\Debug\vc110.pdb”中寻找)；正在链接对象，如同没有调试信息一样
FreeImage_d.lib(ImfStringAttribute.obj) : warning LNK4099: 未找到 PDB“vc110.pdb”(使用“FreeImage_d.lib(ImfStringAttribute.obj)”或在“D:\NewEditor\Debug\vc110.pdb”中寻找)；正在链接对象，如同没有调试信息一样
FreeImage_d.lib(ImfStringVectorAttribute.obj) : warning LNK4099: 未找到 PDB“vc110.pdb”(使用“FreeImage_d.lib(ImfStringVectorAttribute.obj)”或在“D:\NewEditor\Debug\vc110.pdb”中寻找)；正在链接对象，如同没有调试信息一样
FreeImage_d.lib(ImfThreading.obj) : warning LNK4099: 未找到 PDB“vc110.pdb”(使用“FreeImage_d.lib(ImfThreading.obj)”或在“D:\NewEditor\Debug\vc110.pdb”中寻找)；正在链接对象，如同没有调试信息一样
FreeImage_d.lib(ImfTileDescriptionAttribute.obj) : warning LNK4099: 未找到 PDB“vc110.pdb”(使用“FreeImage_d.lib(ImfTileDescriptionAttribute.obj)”或在“D:\NewEditor\Debug\vc110.pdb”中寻找)；正在链接对象，如同没有调试信息一样
FreeImage_d.lib(ImfTileOffsets.obj) : warning LNK4099: 未找到 PDB“vc110.pdb”(使用“FreeImage_d.lib(ImfTileOffsets.obj)”或在“D:\NewEditor\Debug\vc110.pdb”中寻找)；正在链接对象，如同没有调试信息一样
FreeImage_d.lib(ImfTiledInputFile.obj) : warning LNK4099: 未找到 PDB“vc110.pdb”(使用“FreeImage_d.lib(ImfTiledInputFile.obj)”或在“D:\NewEditor\Debug\vc110.pdb”中寻找)；正在链接对象，如同没有调试信息一样
FreeImage_d.lib(ImfTiledMisc.obj) : warning LNK4099: 未找到 PDB“vc110.pdb”(使用“FreeImage_d.lib(ImfTiledMisc.obj)”或在“D:\NewEditor\Debug\vc110.pdb”中寻找)；正在链接对象，如同没有调试信息一样
FreeImage_d.lib(ImfTimeCode.obj) : warning LNK4099: 未找到 PDB“vc110.pdb”(使用“FreeImage_d.lib(ImfTimeCode.obj)”或在“D:\NewEditor\Debug\vc110.pdb”中寻找)；正在链接对象，如同没有调试信息一样
FreeImage_d.lib(ImfTimeCodeAttribute.obj) : warning LNK4099: 未找到 PDB“vc110.pdb”(使用“FreeImage_d.lib(ImfTimeCodeAttribute.obj)”或在“D:\NewEditor\Debug\vc110.pdb”中寻找)；正在链接对象，如同没有调试信息一样
FreeImage_d.lib(ImfVecAttribute.obj) : warning LNK4099: 未找到 PDB“vc110.pdb”(使用“FreeImage_d.lib(ImfVecAttribute.obj)”或在“D:\NewEditor\Debug\vc110.pdb”中寻找)；正在链接对象，如同没有调试信息一样
FreeImage_d.lib(ImfWav.obj) : warning LNK4099: 未找到 PDB“vc110.pdb”(使用“FreeImage_d.lib(ImfWav.obj)”或在“D:\NewEditor\Debug\vc110.pdb”中寻找)；正在链接对象，如同没有调试信息一样
FreeImage_d.lib(ImfZipCompressor.obj) : warning LNK4099: 未找到 PDB“vc110.pdb”(使用“FreeImage_d.lib(ImfZipCompressor.obj)”或在“D:\NewEditor\Debug\vc110.pdb”中寻找)；正在链接对象，如同没有调试信息一样
FreeImage_d.lib(IlmThread.obj) : warning LNK4099: 未找到 PDB“vc110.pdb”(使用“FreeImage_d.lib(IlmThread.obj)”或在“D:\NewEditor\Debug\vc110.pdb”中寻找)；正在链接对象，如同没有调试信息一样
FreeImage_d.lib(IlmThreadMutex.obj) : warning LNK4099: 未找到 PDB“vc110.pdb”(使用“FreeImage_d.lib(IlmThreadMutex.obj)”或在“D:\NewEditor\Debug\vc110.pdb”中寻找)；正在链接对象，如同没有调试信息一样
FreeImage_d.lib(IlmThreadPool.obj) : warning LNK4099: 未找到 PDB“vc110.pdb”(使用“FreeImage_d.lib(IlmThreadPool.obj)”或在“D:\NewEditor\Debug\vc110.pdb”中寻找)；正在链接对象，如同没有调试信息一样
FreeImage_d.lib(IlmThreadSemaphore.obj) : warning LNK4099: 未找到 PDB“vc110.pdb”(使用“FreeImage_d.lib(IlmThreadSemaphore.obj)”或在“D:\NewEditor\Debug\vc110.pdb”中寻找)；正在链接对象，如同没有调试信息一样
FreeImage_d.lib(adler32.obj) : warning LNK4099: 未找到 PDB“vc110.pdb”(使用“FreeImage_d.lib(adler32.obj)”或在“D:\NewEditor\Debug\vc110.pdb”中寻找)；正在链接对象，如同没有调试信息一样
FreeImage_d.lib(compress.obj) : warning LNK4099: 未找到 PDB“vc110.pdb”(使用“FreeImage_d.lib(compress.obj)”或在“D:\NewEditor\Debug\vc110.pdb”中寻找)；正在链接对象，如同没有调试信息一样
FreeImage_d.lib(crc32.obj) : warning LNK4099: 未找到 PDB“vc110.pdb”(使用“FreeImage_d.lib(crc32.obj)”或在“D:\NewEditor\Debug\vc110.pdb”中寻找)；正在链接对象，如同没有调试信息一样
FreeImage_d.lib(deflate.obj) : warning LNK4099: 未找到 PDB“vc110.pdb”(使用“FreeImage_d.lib(deflate.obj)”或在“D:\NewEditor\Debug\vc110.pdb”中寻找)；正在链接对象，如同没有调试信息一样
FreeImage_d.lib(gzlib.obj) : warning LNK4099: 未找到 PDB“vc110.pdb”(使用“FreeImage_d.lib(gzlib.obj)”或在“D:\NewEditor\Debug\vc110.pdb”中寻找)；正在链接对象，如同没有调试信息一样
FreeImage_d.lib(gzwrite.obj) : warning LNK4099: 未找到 PDB“vc110.pdb”(使用“FreeImage_d.lib(gzwrite.obj)”或在“D:\NewEditor\Debug\vc110.pdb”中寻找)；正在链接对象，如同没有调试信息一样
FreeImage_d.lib(inffast.obj) : warning LNK4099: 未找到 PDB“vc110.pdb”(使用“FreeImage_d.lib(inffast.obj)”或在“D:\NewEditor\Debug\vc110.pdb”中寻找)；正在链接对象，如同没有调试信息一样
FreeImage_d.lib(inflate.obj) : warning LNK4099: 未找到 PDB“vc110.pdb”(使用“FreeImage_d.lib(inflate.obj)”或在“D:\NewEditor\Debug\vc110.pdb”中寻找)；正在链接对象，如同没有调试信息一样
FreeImage_d.lib(inftrees.obj) : warning LNK4099: 未找到 PDB“vc110.pdb”(使用“FreeImage_d.lib(inftrees.obj)”或在“D:\NewEditor\Debug\vc110.pdb”中寻找)；正在链接对象，如同没有调试信息一样
FreeImage_d.lib(trees.obj) : warning LNK4099: 未找到 PDB“vc110.pdb”(使用“FreeImage_d.lib(trees.obj)”或在“D:\NewEditor\Debug\vc110.pdb”中寻找)；正在链接对象，如同没有调试信息一样
FreeImage_d.lib(uncompr.obj) : warning LNK4099: 未找到 PDB“vc110.pdb”(使用“FreeImage_d.lib(uncompr.obj)”或在“D:\NewEditor\Debug\vc110.pdb”中寻找)；正在链接对象，如同没有调试信息一样
FreeImage_d.lib(zutil.obj) : warning LNK4099: 未找到 PDB“vc110.pdb”(使用“FreeImage_d.lib(zutil.obj)”或在“D:\NewEditor\Debug\vc110.pdb”中寻找)；正在链接对象，如同没有调试信息一样
  Editor.vcxproj -> D:\NewEditor\Debug\Editor.exe
